android/app/build/intermediates/manifest_merge_blame_file/debug/processDebugMainManifest/manifest-merger-blame-debug-report.txt
1<?xml version="1.0" encoding="utf-8"?>
2<manifest xmlns:android="http://schemas.android.com/apk/res/android"
3    package="com.t"
4    android:versionCode="1"
5    android:versionName="1.0" >
6
7    <uses-sdk
8        android:minSdkVersion="23"
9        android:targetSdkVersion="30" />
10    <!--
11         The INTERNET permission is required for development. Specifically,
12         the Flutter tool needs it to communicate with the running application
13         to allow setting breakpoints, to provide hot reload, etc.
14    -->
15    <uses-permission android:name="android.permission.INTERNET" />
15-->src\main\AndroidManifest.xml:5:5-66
15-->src\main\AndroidManifest.xml:5:22-64
16    <!-- Required to query activities that can process text -->
17    <queries>
17-->src\main\AndroidManifest.xml:39:5-44:15
18        <intent>
18-->src\main\AndroidManifest.xml:40:9-43:18
19            <action android:name="android.intent.action.PROCESS_TEXT" />
19-->src\main\AndroidManifest.xml:41:13-72
19-->src\main\AndroidManifest.xml:41:21-70
20
21            <data android:mimeType="text/plain" />
21-->src\main\AndroidManifest.xml:42:13-50
21-->src\main\AndroidManifest.xml:42:19-48
22        </intent>
23    </queries> <!-- Although the *SdkVersion is captured in gradle build files, this is required for non gradle builds -->
24    <!-- <uses-sdk android:minSdkVersion="21" /> -->
25    <uses-permission android:name="android.permission.ACCESS_NETWORK_STATE" />
25-->[com.google.firebase:firebase-firestore:25.1.0] AndroidManifest.xml:10:5-79
25-->[com.google.firebase:firebase-firestore:25.1.0] AndroidManifest.xml:10:22-76
26    <uses-permission android:name="com.google.android.providers.gsf.permission.READ_GSERVICES" />
26-->[com.google.android.recaptcha:recaptcha:18.4.0] AndroidManifest.xml:9:5-98
26-->[com.google.android.recaptcha:recaptcha:18.4.0] AndroidManifest.xml:9:22-95
27
28    <permission
28-->[androidx.core:core:1.13.1] AndroidManifest.xml:22:5-24:47
29        android:name="com.t.DYNAMIC_RECEIVER_NOT_EXPORTED_PERMISSION"
29-->[androidx.core:core:1.13.1] AndroidManifest.xml:23:9-81
30        android:protectionLevel="signature" />
30-->[androidx.core:core:1.13.1] AndroidManifest.xml:24:9-44
31
32    <uses-permission android:name="com.t.DYNAMIC_RECEIVER_NOT_EXPORTED_PERMISSION" />
32-->[androidx.core:core:1.13.1] AndroidManifest.xml:26:5-97
32-->[androidx.core:core:1.13.1] AndroidManifest.xml:26:22-94
33
34    <application
35        android:name="android.app.Application"
36        android:appComponentFactory="androidx.core.app.CoreComponentFactory"
36-->[androidx.core:core:1.13.1] AndroidManifest.xml:28:18-86
37        android:debuggable="true"
38        android:extractNativeLibs="false"
39        android:icon="@mipmap/ic_launcher"
40        android:label="tri" >
41        <activity
42            android:name="com.t.MainActivity"
43            android:configChanges="orientation|keyboardHidden|keyboard|screenSize|smallestScreenSize|locale|layoutDirection|fontScale|screenLayout|density|uiMode"
44            android:exported="true"
45            android:hardwareAccelerated="true"
46            android:launchMode="singleTop"
47            android:taskAffinity=""
48            android:theme="@style/LaunchTheme"
49            android:windowSoftInputMode="adjustResize" >
50            <meta-data
51                android:name="io.flutter.embedding.android.NormalTheme"
52                android:resource="@style/NormalTheme" />
53
54            <intent-filter>
55                <action android:name="android.intent.action.MAIN" />
56
57                <category android:name="android.intent.category.LAUNCHER" />
58            </intent-filter>
59        </activity>
60
61        <meta-data
62            android:name="flutterEmbedding"
63            android:value="2" />
64
65        <service
65-->[:cloud_firestore] AndroidManifest.xml:8:9-12:19
66            android:name="com.google.firebase.components.ComponentDiscoveryService"
66-->[:cloud_firestore] AndroidManifest.xml:8:18-89
67            android:directBootAware="true"
67-->[com.google.firebase:firebase-common:21.0.0] AndroidManifest.xml:32:13-43
68            android:exported="false" >
68-->[com.google.firebase:firebase-firestore:25.1.0] AndroidManifest.xml:16:13-37
69            <meta-data
69-->[:cloud_firestore] AndroidManifest.xml:9:13-11:85
70                android:name="com.google.firebase.components:io.flutter.plugins.firebase.firestore.FlutterFirebaseFirestoreRegistrar"
70-->[:cloud_firestore] AndroidManifest.xml:10:17-134
71                android:value="com.google.firebase.components.ComponentRegistrar" />
71-->[:cloud_firestore] AndroidManifest.xml:11:17-82
72            <meta-data
72-->[:firebase_auth] AndroidManifest.xml:9:13-11:85
73                android:name="com.google.firebase.components:io.flutter.plugins.firebase.auth.FlutterFirebaseAuthRegistrar"
73-->[:firebase_auth] AndroidManifest.xml:10:17-124
74                android:value="com.google.firebase.components.ComponentRegistrar" />
74-->[:firebase_auth] AndroidManifest.xml:11:17-82
75            <meta-data
75-->[:firebase_core] AndroidManifest.xml:9:13-11:85
76                android:name="com.google.firebase.components:io.flutter.plugins.firebase.core.FlutterFirebaseCoreRegistrar"
76-->[:firebase_core] AndroidManifest.xml:10:17-124
77                android:value="com.google.firebase.components.ComponentRegistrar" />
77-->[:firebase_core] AndroidManifest.xml:11:17-82
78            <meta-data
78-->[com.google.firebase:firebase-firestore:25.1.0] AndroidManifest.xml:17:13-19:85
79                android:name="com.google.firebase.components:com.google.firebase.firestore.FirebaseFirestoreKtxRegistrar"
79-->[com.google.firebase:firebase-firestore:25.1.0] AndroidManifest.xml:18:17-122
80                android:value="com.google.firebase.components.ComponentRegistrar" />
80-->[com.google.firebase:firebase-firestore:25.1.0] AndroidManifest.xml:19:17-82
81            <meta-data
81-->[com.google.firebase:firebase-firestore:25.1.0] AndroidManifest.xml:20:13-22:85
82                android:name="com.google.firebase.components:com.google.firebase.firestore.FirestoreRegistrar"
82-->[com.google.firebase:firebase-firestore:25.1.0] AndroidManifest.xml:21:17-111
83                android:value="com.google.firebase.components.ComponentRegistrar" />
83-->[com.google.firebase:firebase-firestore:25.1.0] AndroidManifest.xml:22:17-82
84            <meta-data
84-->[com.google.firebase:firebase-auth:23.0.0] AndroidManifest.xml:69:13-71:85
85                android:name="com.google.firebase.components:com.google.firebase.auth.FirebaseAuthRegistrar"
85-->[com.google.firebase:firebase-auth:23.0.0] AndroidManifest.xml:70:17-109
86                android:value="com.google.firebase.components.ComponentRegistrar" />
86-->[com.google.firebase:firebase-auth:23.0.0] AndroidManifest.xml:71:17-82
87            <meta-data
87-->[com.google.firebase:firebase-common-ktx:21.0.0] AndroidManifest.xml:12:13-14:85
88                android:name="com.google.firebase.components:com.google.firebase.ktx.FirebaseCommonLegacyRegistrar"
88-->[com.google.firebase:firebase-common-ktx:21.0.0] AndroidManifest.xml:13:17-116
89                android:value="com.google.firebase.components.ComponentRegistrar" />
89-->[com.google.firebase:firebase-common-ktx:21.0.0] AndroidManifest.xml:14:17-82
90            <meta-data
90-->[com.google.firebase:firebase-common:21.0.0] AndroidManifest.xml:35:13-37:85
91                android:name="com.google.firebase.components:com.google.firebase.FirebaseCommonKtxRegistrar"
91-->[com.google.firebase:firebase-common:21.0.0] AndroidManifest.xml:36:17-109
92                android:value="com.google.firebase.components.ComponentRegistrar" />
92-->[com.google.firebase:firebase-common:21.0.0] AndroidManifest.xml:37:17-82
93        </service>
94        <!--
95           Declares a provider which allows us to store files to share in
96           '.../caches/share_plus' and grant the receiving action access
97        -->
98        <provider
98-->[:share_plus] AndroidManifest.xml:13:9-21:20
99            android:name="dev.fluttercommunity.plus.share.ShareFileProvider"
99-->[:share_plus] AndroidManifest.xml:14:13-77
100            android:authorities="com.t.flutter.share_provider"
100-->[:share_plus] AndroidManifest.xml:15:13-74
101            android:exported="false"
101-->[:share_plus] AndroidManifest.xml:16:13-37
102            android:grantUriPermissions="true" >
102-->[:share_plus] AndroidManifest.xml:17:13-47
103            <meta-data
103-->[:share_plus] AndroidManifest.xml:18:13-20:68
104                android:name="android.support.FILE_PROVIDER_PATHS"
104-->[:share_plus] AndroidManifest.xml:19:17-67
105                android:resource="@xml/flutter_share_file_paths" />
105-->[:share_plus] AndroidManifest.xml:20:17-65
106        </provider>
107        <!--
108           This manifest declared broadcast receiver allows us to use an explicit
109           Intent when creating a PendingItent to be informed of the user's choice
110        -->
111        <receiver
111-->[:share_plus] AndroidManifest.xml:26:9-32:20
112            android:name="dev.fluttercommunity.plus.share.SharePlusPendingIntent"
112-->[:share_plus] AndroidManifest.xml:27:13-82
113            android:exported="false" >
113-->[:share_plus] AndroidManifest.xml:28:13-37
114            <intent-filter>
114-->[:share_plus] AndroidManifest.xml:29:13-31:29
115                <action android:name="EXTRA_CHOSEN_COMPONENT" />
115-->[:share_plus] AndroidManifest.xml:30:17-65
115-->[:share_plus] AndroidManifest.xml:30:25-62
116            </intent-filter>
117        </receiver>
118
119        <activity
119-->[com.google.firebase:firebase-auth:23.0.0] AndroidManifest.xml:29:9-46:20
120            android:name="com.google.firebase.auth.internal.GenericIdpActivity"
120-->[com.google.firebase:firebase-auth:23.0.0] AndroidManifest.xml:30:13-80
121            android:excludeFromRecents="true"
121-->[com.google.firebase:firebase-auth:23.0.0] AndroidManifest.xml:31:13-46
122            android:exported="true"
122-->[com.google.firebase:firebase-auth:23.0.0] AndroidManifest.xml:32:13-36
123            android:launchMode="singleTask"
123-->[com.google.firebase:firebase-auth:23.0.0] AndroidManifest.xml:33:13-44
124            android:theme="@android:style/Theme.Translucent.NoTitleBar" >
124-->[com.google.firebase:firebase-auth:23.0.0] AndroidManifest.xml:34:13-72
125            <intent-filter>
125-->[com.google.firebase:firebase-auth:23.0.0] AndroidManifest.xml:35:13-45:29
126                <action android:name="android.intent.action.VIEW" />
126-->[com.google.firebase:firebase-auth:23.0.0] AndroidManifest.xml:36:17-69
126-->[com.google.firebase:firebase-auth:23.0.0] AndroidManifest.xml:36:25-66
127
128                <category android:name="android.intent.category.DEFAULT" />
128-->[com.google.firebase:firebase-auth:23.0.0] AndroidManifest.xml:38:17-76
128-->[com.google.firebase:firebase-auth:23.0.0] AndroidManifest.xml:38:27-73
129                <category android:name="android.intent.category.BROWSABLE" />
129-->[com.google.firebase:firebase-auth:23.0.0] AndroidManifest.xml:39:17-78
129-->[com.google.firebase:firebase-auth:23.0.0] AndroidManifest.xml:39:27-75
130
131                <data
131-->src\main\AndroidManifest.xml:42:13-50
132                    android:host="firebase.auth"
133                    android:path="/"
134                    android:scheme="genericidp" />
135            </intent-filter>
136        </activity>
137        <activity
137-->[com.google.firebase:firebase-auth:23.0.0] AndroidManifest.xml:47:9-64:20
138            android:name="com.google.firebase.auth.internal.RecaptchaActivity"
138-->[com.google.firebase:firebase-auth:23.0.0] AndroidManifest.xml:48:13-79
139            android:excludeFromRecents="true"
139-->[com.google.firebase:firebase-auth:23.0.0] AndroidManifest.xml:49:13-46
140            android:exported="true"
140-->[com.google.firebase:firebase-auth:23.0.0] AndroidManifest.xml:50:13-36
141            android:launchMode="singleTask"
141-->[com.google.firebase:firebase-auth:23.0.0] AndroidManifest.xml:51:13-44
142            android:theme="@android:style/Theme.Translucent.NoTitleBar" >
142-->[com.google.firebase:firebase-auth:23.0.0] AndroidManifest.xml:52:13-72
143            <intent-filter>
143-->[com.google.firebase:firebase-auth:23.0.0] AndroidManifest.xml:53:13-63:29
144                <action android:name="android.intent.action.VIEW" />
144-->[com.google.firebase:firebase-auth:23.0.0] AndroidManifest.xml:36:17-69
144-->[com.google.firebase:firebase-auth:23.0.0] AndroidManifest.xml:36:25-66
145
146                <category android:name="android.intent.category.DEFAULT" />
146-->[com.google.firebase:firebase-auth:23.0.0] AndroidManifest.xml:38:17-76
146-->[com.google.firebase:firebase-auth:23.0.0] AndroidManifest.xml:38:27-73
147                <category android:name="android.intent.category.BROWSABLE" />
147-->[com.google.firebase:firebase-auth:23.0.0] AndroidManifest.xml:39:17-78
147-->[com.google.firebase:firebase-auth:23.0.0] AndroidManifest.xml:39:27-75
148
149                <data
149-->src\main\AndroidManifest.xml:42:13-50
150                    android:host="firebase.auth"
151                    android:path="/"
152                    android:scheme="recaptcha" />
153            </intent-filter>
154        </activity>
155
156        <service
156-->[androidx.credentials:credentials-play-services-auth:1.2.0-rc01] AndroidManifest.xml:24:9-32:19
157            android:name="androidx.credentials.playservices.CredentialProviderMetadataHolder"
157-->[androidx.credentials:credentials-play-services-auth:1.2.0-rc01] AndroidManifest.xml:25:13-94
158            android:enabled="true"
158-->[androidx.credentials:credentials-play-services-auth:1.2.0-rc01] AndroidManifest.xml:26:13-35
159            android:exported="false" >
159-->[androidx.credentials:credentials-play-services-auth:1.2.0-rc01] AndroidManifest.xml:27:13-37
160            <meta-data
160-->[androidx.credentials:credentials-play-services-auth:1.2.0-rc01] AndroidManifest.xml:29:13-31:104
161                android:name="androidx.credentials.CREDENTIAL_PROVIDER_KEY"
161-->[androidx.credentials:credentials-play-services-auth:1.2.0-rc01] AndroidManifest.xml:30:17-76
162                android:value="androidx.credentials.playservices.CredentialProviderPlayServicesImpl" />
162-->[androidx.credentials:credentials-play-services-auth:1.2.0-rc01] AndroidManifest.xml:31:17-101
163        </service>
164
165        <activity
165-->[androidx.credentials:credentials-play-services-auth:1.2.0-rc01] AndroidManifest.xml:34:9-41:20
166            android:name="androidx.credentials.playservices.HiddenActivity"
166-->[androidx.credentials:credentials-play-services-auth:1.2.0-rc01] AndroidManifest.xml:35:13-76
167            android:configChanges="orientation|screenSize|screenLayout|keyboardHidden"
167-->[androidx.credentials:credentials-play-services-auth:1.2.0-rc01] AndroidManifest.xml:36:13-87
168            android:enabled="true"
168-->[androidx.credentials:credentials-play-services-auth:1.2.0-rc01] AndroidManifest.xml:37:13-35
169            android:exported="false"
169-->[androidx.credentials:credentials-play-services-auth:1.2.0-rc01] AndroidManifest.xml:38:13-37
170            android:fitsSystemWindows="true"
170-->[androidx.credentials:credentials-play-services-auth:1.2.0-rc01] AndroidManifest.xml:39:13-45
171            android:theme="@style/Theme.Hidden" >
171-->[androidx.credentials:credentials-play-services-auth:1.2.0-rc01] AndroidManifest.xml:40:13-48
172        </activity>
173        <activity
173-->[com.google.android.gms:play-services-auth:20.7.0] AndroidManifest.xml:23:9-27:75
174            android:name="com.google.android.gms.auth.api.signin.internal.SignInHubActivity"
174-->[com.google.android.gms:play-services-auth:20.7.0] AndroidManifest.xml:24:13-93
175            android:excludeFromRecents="true"
175-->[com.google.android.gms:play-services-auth:20.7.0] AndroidManifest.xml:25:13-46
176            android:exported="false"
176-->[com.google.android.gms:play-services-auth:20.7.0] AndroidManifest.xml:26:13-37
177            android:theme="@android:style/Theme.Translucent.NoTitleBar" />
177-->[com.google.android.gms:play-services-auth:20.7.0] AndroidManifest.xml:27:13-72
178        <!--
179            Service handling Google Sign-In user revocation. For apps that do not integrate with
180            Google Sign-In, this service will never be started.
181        -->
182        <service
182-->[com.google.android.gms:play-services-auth:20.7.0] AndroidManifest.xml:33:9-37:51
183            android:name="com.google.android.gms.auth.api.signin.RevocationBoundService"
183-->[com.google.android.gms:play-services-auth:20.7.0] AndroidManifest.xml:34:13-89
184            android:exported="true"
184-->[com.google.android.gms:play-services-auth:20.7.0] AndroidManifest.xml:35:13-36
185            android:permission="com.google.android.gms.auth.api.signin.permission.REVOCATION_NOTIFICATION"
185-->[com.google.android.gms:play-services-auth:20.7.0] AndroidManifest.xml:36:13-107
186            android:visibleToInstantApps="true" />
186-->[com.google.android.gms:play-services-auth:20.7.0] AndroidManifest.xml:37:13-48
187
188        <provider
188-->[com.google.firebase:firebase-common:21.0.0] AndroidManifest.xml:23:9-28:39
189            android:name="com.google.firebase.provider.FirebaseInitProvider"
189-->[com.google.firebase:firebase-common:21.0.0] AndroidManifest.xml:24:13-77
190            android:authorities="com.t.firebaseinitprovider"
190-->[com.google.firebase:firebase-common:21.0.0] AndroidManifest.xml:25:13-72
191            android:directBootAware="true"
191-->[com.google.firebase:firebase-common:21.0.0] AndroidManifest.xml:26:13-43
192            android:exported="false"
192-->[com.google.firebase:firebase-common:21.0.0] AndroidManifest.xml:27:13-37
193            android:initOrder="100" />
193-->[com.google.firebase:firebase-common:21.0.0] AndroidManifest.xml:28:13-36
194
195        <activity
195-->[com.google.android.gms:play-services-base:18.0.1] AndroidManifest.xml:20:9-22:45
196            android:name="com.google.android.gms.common.api.GoogleApiActivity"
196-->[com.google.android.gms:play-services-base:18.0.1] AndroidManifest.xml:20:19-85
197            android:exported="false"
197-->[com.google.android.gms:play-services-base:18.0.1] AndroidManifest.xml:22:19-43
198            android:theme="@android:style/Theme.Translucent.NoTitleBar" />
198-->[com.google.android.gms:play-services-base:18.0.1] AndroidManifest.xml:21:19-78
199
200        <uses-library
200-->[androidx.window:window:1.2.0] AndroidManifest.xml:23:9-25:40
201            android:name="androidx.window.extensions"
201-->[androidx.window:window:1.2.0] AndroidManifest.xml:24:13-54
202            android:required="false" />
202-->[androidx.window:window:1.2.0] AndroidManifest.xml:25:13-37
203        <uses-library
203-->[androidx.window:window:1.2.0] AndroidManifest.xml:26:9-28:40
204            android:name="androidx.window.sidecar"
204-->[androidx.window:window:1.2.0] AndroidManifest.xml:27:13-51
205            android:required="false" />
205-->[androidx.window:window:1.2.0] AndroidManifest.xml:28:13-37
206
207        <meta-data
207-->[com.google.android.gms:play-services-basement:18.3.0] AndroidManifest.xml:21:9-23:69
208            android:name="com.google.android.gms.version"
208-->[com.google.android.gms:play-services-basement:18.3.0] AndroidManifest.xml:22:13-58
209            android:value="@integer/google_play_services_version" />
209-->[com.google.android.gms:play-services-basement:18.3.0] AndroidManifest.xml:23:13-66
210
211        <provider
211-->[androidx.lifecycle:lifecycle-process:2.7.0] AndroidManifest.xml:24:9-32:20
212            android:name="androidx.startup.InitializationProvider"
212-->[androidx.lifecycle:lifecycle-process:2.7.0] AndroidManifest.xml:25:13-67
213            android:authorities="com.t.androidx-startup"
213-->[androidx.lifecycle:lifecycle-process:2.7.0] AndroidManifest.xml:26:13-68
214            android:exported="false" >
214-->[androidx.lifecycle:lifecycle-process:2.7.0] AndroidManifest.xml:27:13-37
215            <meta-data
215-->[androidx.lifecycle:lifecycle-process:2.7.0] AndroidManifest.xml:29:13-31:52
216                android:name="androidx.lifecycle.ProcessLifecycleInitializer"
216-->[androidx.lifecycle:lifecycle-process:2.7.0] AndroidManifest.xml:30:17-78
217                android:value="androidx.startup" />
217-->[androidx.lifecycle:lifecycle-process:2.7.0] AndroidManifest.xml:31:17-49
218            <meta-data
218-->[androidx.profileinstaller:profileinstaller:1.3.1] AndroidManifest.xml:29:13-31:52
219                android:name="androidx.profileinstaller.ProfileInstallerInitializer"
219-->[androidx.profileinstaller:profileinstaller:1.3.1] AndroidManifest.xml:30:17-85
220                android:value="androidx.startup" />
220-->[androidx.profileinstaller:profileinstaller:1.3.1] AndroidManifest.xml:31:17-49
221        </provider>
222
223        <receiver
223-->[androidx.profileinstaller:profileinstaller:1.3.1] AndroidManifest.xml:34:9-52:20
224            android:name="androidx.profileinstaller.ProfileInstallReceiver"
224-->[androidx.profileinstaller:profileinstaller:1.3.1] AndroidManifest.xml:35:13-76
225            android:directBootAware="false"
225-->[androidx.profileinstaller:profileinstaller:1.3.1] AndroidManifest.xml:36:13-44
226            android:enabled="true"
226-->[androidx.profileinstaller:profileinstaller:1.3.1] AndroidManifest.xml:37:13-35
227            android:exported="true"
227-->[androidx.profileinstaller:profileinstaller:1.3.1] AndroidManifest.xml:38:13-36
228            android:permission="android.permission.DUMP" >
228-->[androidx.profileinstaller:profileinstaller:1.3.1] AndroidManifest.xml:39:13-57
229            <intent-filter>
229-->[androidx.profileinstaller:profileinstaller:1.3.1] AndroidManifest.xml:40:13-42:29
230                <action android:name="androidx.profileinstaller.action.INSTALL_PROFILE" />
230-->[androidx.profileinstaller:profileinstaller:1.3.1] AndroidManifest.xml:41:17-91
230-->[androidx.profileinstaller:profileinstaller:1.3.1] AndroidManifest.xml:41:25-88
231            </intent-filter>
232            <intent-filter>
232-->[androidx.profileinstaller:profileinstaller:1.3.1] AndroidManifest.xml:43:13-45:29
233                <action android:name="androidx.profileinstaller.action.SKIP_FILE" />
233-->[androidx.profileinstaller:profileinstaller:1.3.1] AndroidManifest.xml:44:17-85
233-->[androidx.profileinstaller:profileinstaller:1.3.1] AndroidManifest.xml:44:25-82
234            </intent-filter>
235            <intent-filter>
235-->[androidx.profileinstaller:profileinstaller:1.3.1] AndroidManifest.xml:46:13-48:29
236                <action android:name="androidx.profileinstaller.action.SAVE_PROFILE" />
236-->[androidx.profileinstaller:profileinstaller:1.3.1] AndroidManifest.xml:47:17-88
236-->[androidx.profileinstaller:profileinstaller:1.3.1] AndroidManifest.xml:47:25-85
237            </intent-filter>
238            <intent-filter>
238-->[androidx.profileinstaller:profileinstaller:1.3.1] AndroidManifest.xml:49:13-51:29
239                <action android:name="androidx.profileinstaller.action.BENCHMARK_OPERATION" />
239-->[androidx.profileinstaller:profileinstaller:1.3.1] AndroidManifest.xml:50:17-95
239-->[androidx.profileinstaller:profileinstaller:1.3.1] AndroidManifest.xml:50:25-92
240            </intent-filter>
241        </receiver>
242    </application>
243
244</manifest>